2019-09-22 20:49:44 [main] DEBUG org.springframework.web.context.support.StandardServletEnvironment- Adding PropertySource 'servletConfigInitParams' with lowest search precedence
2019-09-22 20:49:44 [main] DEBUG org.springframework.web.context.support.StandardServletEnvironment- Adding PropertySource 'servletContextInitParams' with lowest search precedence
2019-09-22 20:49:44 [main] DEBUG org.springframework.web.context.support.StandardServletEnvironment- Adding PropertySource 'systemProperties' with lowest search precedence
2019-09-22 20:49:44 [main] DEBUG org.springframework.web.context.support.StandardServletEnvironment- Adding PropertySource 'systemEnvironment' with lowest search precedence
2019-09-22 20:49:44 [main] DEBUG org.springframework.web.context.support.StandardServletEnvironment- Initialized StandardServletEnvironment with PropertySources [StubPropertySource {name='servletConfigInitParams'}, StubPropertySource {name='servletContextInitParams'}, MapPropertySource {name='systemProperties'}, SystemEnvironmentPropertySource {name='systemEnvironment'}]
2019-09-22 20:49:44 [main] INFO  com.iotknowyou.App- Starting App on DESKTOP-N3CS3TT with PID 15832 (E:\IDEA_Code\Exercise_Code\springBoot-sources-projects-code-by-kevin\SpringBootIntegrateMybatis-code-by-kevin\target\classes started by LiuRongHua in E:\IDEA_Code\Exercise_Code\springBoot-sources-projects-code-by-kevin)
2019-09-22 20:49:44 [main] INFO  com.iotknowyou.App- No active profile set, falling back to default profiles: default
2019-09-22 20:49:45 [main] INFO  org.springframework.boot.context.embedded.AnnotationConfigEmbeddedWebApplicationContext- Refreshing org.springframework.boot.context.embedded.AnnotationConfigEmbeddedWebApplicationContext@4de5031f: startup date [Sun Sep 22 20:49:45 CST 2019]; root of context hierarchy
2019-09-22 20:49:46 [main] DEBUG org.springframework.web.context.support.StandardServletEnvironment- Adding PropertySource 'applicationConfig: [classpath:/application.properties]' with search precedence immediately lower than 'applicationConfigurationProperties'
2019-09-22 20:49:46 [main] DEBUG org.springframework.web.context.support.StandardServletEnvironment- Removing PropertySource 'applicationConfigurationProperties'
2019-09-22 20:49:46 [main] DEBUG org.springframework.web.context.support.StandardServletEnvironment- Removing PropertySource 'defaultProperties'
2019-09-22 20:49:47 [main] INFO  org.springframework.boot.context.embedded.tomcat.TomcatEmbeddedServletContainer- Tomcat initialized with port(s): 8888 (http)
2019-09-22 20:49:47 [main] INFO  org.apache.catalina.core.StandardService- Starting service [Tomcat]
2019-09-22 20:49:47 [main] INFO  org.apache.catalina.core.StandardEngine- Starting Servlet Engine: Apache Tomcat/8.5.23
2019-09-22 20:49:47 [localhost-startStop-1] INFO  org.apache.catalina.core.ContainerBase.[Tomcat].[localhost].[/]- Initializing Spring embedded WebApplicationContext
2019-09-22 20:49:47 [localhost-startStop-1] DEBUG org.springframework.web.context.ContextLoader- Published root WebApplicationContext as ServletContext attribute with name [org.springframework.web.context.WebApplicationContext.ROOT]
2019-09-22 20:49:47 [localhost-startStop-1] INFO  org.springframework.web.context.ContextLoader- Root WebApplicationContext: initialization completed in 1974 ms
2019-09-22 20:49:47 [localhost-startStop-1] INFO  org.springframework.boot.web.servlet.ServletRegistrationBean- Mapping servlet: 'dispatcherServlet' to [/]
2019-09-22 20:49:47 [localhost-startStop-1] INFO  org.springframework.boot.web.servlet.FilterRegistrationBean- Mapping filter: 'characterEncodingFilter' to: [/*]
2019-09-22 20:49:47 [localhost-startStop-1] INFO  org.springframework.boot.web.servlet.FilterRegistrationBean- Mapping filter: 'hiddenHttpMethodFilter' to: [/*]
2019-09-22 20:49:47 [localhost-startStop-1] INFO  org.springframework.boot.web.servlet.FilterRegistrationBean- Mapping filter: 'httpPutFormContentFilter' to: [/*]
2019-09-22 20:49:47 [localhost-startStop-1] INFO  org.springframework.boot.web.servlet.FilterRegistrationBean- Mapping filter: 'requestContextFilter' to: [/*]
2019-09-22 20:49:47 [main] DEBUG org.springframework.web.context.support.StandardServletEnvironment- Replacing PropertySource 'servletContextInitParams' with 'servletContextInitParams'
2019-09-22 20:49:48 [main] INFO  org.springframework.web.servlet.mvc.method.annotation.RequestMappingHandlerAdapter- Looking for @ControllerAdvice: org.springframework.boot.context.embedded.AnnotationConfigEmbeddedWebApplicationContext@4de5031f: startup date [Sun Sep 22 20:49:45 CST 2019]; root of context hierarchy
2019-09-22 20:49:48 [main] DEBUG org.springframework.web.servlet.mvc.method.annotation.RequestMappingHandlerMapping- Looking for request mappings in application context: org.springframework.boot.context.embedded.AnnotationConfigEmbeddedWebApplicationContext@4de5031f: startup date [Sun Sep 22 20:49:45 CST 2019]; root of context hierarchy
2019-09-22 20:49:48 [main] DEBUG org.springframework.web.servlet.mvc.method.annotation.RequestMappingHandlerMapping- 2 request handler methods found on class com.iotknowyou.MybatisTest.controller.StudentController: {public java.lang.String com.iotknowyou.MybatisTest.controller.StudentController.getAll(org.springframework.ui.Model)={[/student/getAllStudent]}, public java.lang.String com.iotknowyou.MybatisTest.controller.StudentController.addStudent()={[/student/addStudent]}}
2019-09-22 20:49:48 [main] INFO  org.springframework.web.servlet.mvc.method.annotation.RequestMappingHandlerMapping- Mapped "{[/student/getAllStudent]}" onto public java.lang.String com.iotknowyou.MybatisTest.controller.StudentController.getAll(org.springframework.ui.Model)
2019-09-22 20:49:48 [main] INFO  org.springframework.web.servlet.mvc.method.annotation.RequestMappingHandlerMapping- Mapped "{[/student/addStudent]}" onto public java.lang.String com.iotknowyou.MybatisTest.controller.StudentController.addStudent()
2019-09-22 20:49:48 [main] DEBUG org.springframework.web.servlet.mvc.method.annotation.RequestMappingHandlerMapping- 1 request handler methods found on class com.iotknowyou.ThymeleafTest.controller.UserController: {public java.lang.String com.iotknowyou.ThymeleafTest.controller.UserController.all(org.springframework.ui.ModelMap)={[/user/allUser],methods=[GET]}}
2019-09-22 20:49:48 [main] INFO  org.springframework.web.servlet.mvc.method.annotation.RequestMappingHandlerMapping- Mapped "{[/user/allUser],methods=[GET]}" onto public java.lang.String com.iotknowyou.ThymeleafTest.controller.UserController.all(org.springframework.ui.ModelMap)
2019-09-22 20:49:48 [main] DEBUG org.springframework.web.servlet.mvc.method.annotation.RequestMappingHandlerMapping- 2 request handler methods found on class org.springframework.boot.autoconfigure.web.BasicErrorController: {public org.springframework.http.ResponseEntity org.springframework.boot.autoconfigure.web.BasicErrorController.error(javax.servlet.http.HttpServletRequest)={[/error]}, public org.springframework.web.servlet.ModelAndView org.springframework.boot.autoconfigure.web.BasicErrorController.errorHtml(javax.servlet.http.HttpServletRequest,javax.servlet.http.HttpServletResponse)={[/error],produces=[text/html]}}
2019-09-22 20:49:48 [main] INFO  org.springframework.web.servlet.mvc.method.annotation.RequestMappingHandlerMapping- Mapped "{[/error]}" onto public org.springframework.http.ResponseEntity<java.util.Map<java.lang.String, java.lang.Object>> org.springframework.boot.autoconfigure.web.BasicErrorController.error(javax.servlet.http.HttpServletRequest)
2019-09-22 20:49:48 [main] INFO  org.springframework.web.servlet.mvc.method.annotation.RequestMappingHandlerMapping- Mapped "{[/error],produces=[text/html]}" onto public org.springframework.web.servlet.ModelAndView org.springframework.boot.autoconfigure.web.BasicErrorController.errorHtml(javax.servlet.http.HttpServletRequest,javax.servlet.http.HttpServletResponse)
2019-09-22 20:49:48 [main] DEBUG org.springframework.web.servlet.handler.BeanNameUrlHandlerMapping- Looking for URL mappings in application context: org.springframework.boot.context.embedded.AnnotationConfigEmbeddedWebApplicationContext@4de5031f: startup date [Sun Sep 22 20:49:45 CST 2019]; root of context hierarchy
2019-09-22 20:49:48 [main] DEBUG org.springframework.web.servlet.handler.BeanNameUrlHandlerMapping- Rejected bean name 'org.springframework.context.annotation.internalConfigurationAnnotationProcessor': no URL paths identified
2019-09-22 20:49:48 [main] DEBUG org.springframework.web.servlet.handler.BeanNameUrlHandlerMapping- Rejected bean name 'org.springframework.context.annotation.internalAutowiredAnnotationProcessor': no URL paths identified
2019-09-22 20:49:48 [main] DEBUG org.springframework.web.servlet.handler.BeanNameUrlHandlerMapping- Rejected bean name 'org.springframework.context.annotation.internalRequiredAnnotationProcessor': no URL paths identified
2019-09-22 20:49:48 [main] DEBUG org.springframework.web.servlet.handler.BeanNameUrlHandlerMapping- Rejected bean name 'org.springframework.context.annotation.internalCommonAnnotationProcessor': no URL paths identified
2019-09-22 20:49:48 [main] DEBUG org.springframework.web.servlet.handler.BeanNameUrlHandlerMapping- Rejected bean name 'org.springframework.context.event.internalEventListenerProcessor': no URL paths identified
2019-09-22 20:49:48 [main] DEBUG org.springframework.web.servlet.handler.BeanNameUrlHandlerMapping- Rejected bean name 'org.springframework.context.event.internalEventListenerFactory': no URL paths identified
2019-09-22 20:49:48 [main] DEBUG org.springframework.web.servlet.handler.BeanNameUrlHandlerMapping- Rejected bean name 'app': no URL paths identified
2019-09-22 20:49:48 [main] DEBUG org.springframework.web.servlet.handler.BeanNameUrlHandlerMapping- Rejected bean name 'org.springframework.boot.autoconfigure.internalCachingMetadataReaderFactory': no URL paths identified
2019-09-22 20:49:48 [main] DEBUG org.springframework.web.servlet.handler.BeanNameUrlHandlerMapping- Rejected bean name 'studentController': no URL paths identified
2019-09-22 20:49:48 [main] DEBUG org.springframework.web.servlet.handler.BeanNameUrlHandlerMapping- Rejected bean name 'studentService': no URL paths identified
2019-09-22 20:49:48 [main] DEBUG org.springframework.web.servlet.handler.BeanNameUrlHandlerMapping- Rejected bean name 'userController': no URL paths identified
2019-09-22 20:49:48 [main] DEBUG org.springframework.web.servlet.handler.BeanNameUrlHandlerMapping- Rejected bean name 'userServiceImpl': no URL paths identified
2019-09-22 20:49:48 [main] DEBUG org.springframework.web.servlet.handler.BeanNameUrlHandlerMapping- Rejected bean name 'org.springframework.boot.autoconfigure.AutoConfigurationPackages': no URL paths identified
2019-09-22 20:49:48 [main] DEBUG org.springframework.web.servlet.handler.BeanNameUrlHandlerMapping- Rejected bean name 'org.springframework.boot.autoconfigure.context.PropertyPlaceholderAutoConfiguration': no URL paths identified
2019-09-22 20:49:48 [main] DEBUG org.springframework.web.servlet.handler.BeanNameUrlHandlerMapping- Rejected bean name 'org.springframework.boot.autoconfigure.condition.BeanTypeRegistry': no URL paths identified
2019-09-22 20:49:48 [main] DEBUG org.springframework.web.servlet.handler.BeanNameUrlHandlerMapping- Rejected bean name 'propertySourcesPlaceholderConfigurer': no URL paths identified
2019-09-22 20:49:48 [main] DEBUG org.springframework.web.servlet.handler.BeanNameUrlHandlerMapping- Rejected bean name 'org.springframework.boot.autoconfigure.jackson.JacksonAutoConfiguration$Jackson2ObjectMapperBuilderCustomizerConfiguration': no URL paths identified
2019-09-22 20:49:48 [main] DEBUG org.springframework.web.servlet.handler.BeanNameUrlHandlerMapping- Rejected bean name 'standardJacksonObjectMapperBuilderCustomizer': no URL paths identified
2019-09-22 20:49:48 [main] DEBUG org.springframework.web.servlet.handler.BeanNameUrlHandlerMapping- Rejected bean name 'spring.jackson-org.springframework.boot.autoconfigure.jackson.JacksonProperties': no URL paths identified
2019-09-22 20:49:48 [main] DEBUG org.springframework.web.servlet.handler.BeanNameUrlHandlerMapping- Rejected bean name 'org.springframework.boot.context.properties.ConfigurationPropertiesBindingPostProcessor': no URL paths identified
2019-09-22 20:49:48 [main] DEBUG org.springframework.web.servlet.handler.BeanNameUrlHandlerMapping- Rejected bean name 'org.springframework.boot.context.properties.ConfigurationPropertiesBindingPostProcessor.store': no URL paths identified
2019-09-22 20:49:48 [main] DEBUG org.springframework.web.servlet.handler.BeanNameUrlHandlerMapping- Rejected bean name 'org.springframework.boot.autoconfigure.jackson.JacksonAutoConfiguration$JacksonObjectMapperBuilderConfiguration': no URL paths identified
2019-09-22 20:49:48 [main] DEBUG org.springframework.web.servlet.handler.BeanNameUrlHandlerMapping- Rejected bean name 'jacksonObjectMapperBuilder': no URL paths identified
2019-09-22 20:49:48 [main] DEBUG org.springframework.web.servlet.handler.BeanNameUrlHandlerMapping- Rejected bean name 'org.springframework.boot.autoconfigure.jackson.JacksonAutoConfiguration$JacksonObjectMapperConfiguration': no URL paths identified
2019-09-22 20:49:48 [main] DEBUG org.springframework.web.servlet.handler.BeanNameUrlHandlerMapping- Rejected bean name 'jacksonObjectMapper': no URL paths identified
2019-09-22 20:49:48 [main] DEBUG org.springframework.web.servlet.handler.BeanNameUrlHandlerMapping- Rejected bean name 'org.springframework.boot.autoconfigure.jackson.JacksonAutoConfiguration': no URL paths identified
2019-09-22 20:49:48 [main] DEBUG org.springframework.web.servlet.handler.BeanNameUrlHandlerMapping- Rejected bean name 'jsonComponentModule': no URL paths identified
2019-09-22 20:49:48 [main] DEBUG org.springframework.web.servlet.handler.BeanNameUrlHandlerMapping- Rejected bean name 'org.springframework.boot.autoconfigure.websocket.WebSocketAutoConfiguration$TomcatWebSocketConfiguration': no URL paths identified
2019-09-22 20:49:48 [main] DEBUG org.springframework.web.servlet.handler.BeanNameUrlHandlerMapping- Rejected bean name 'websocketContainerCustomizer': no URL paths identified
2019-09-22 20:49:48 [main] DEBUG org.springframework.web.servlet.handler.BeanNameUrlHandlerMapping- Rejected bean name 'org.springframework.boot.autoconfigure.websocket.WebSocketAutoConfiguration': no URL paths identified
2019-09-22 20:49:48 [main] DEBUG org.springframework.web.servlet.handler.BeanNameUrlHandlerMapping- Rejected bean name 'org.springframework.boot.autoconfigure.web.EmbeddedServletContainerAutoConfiguration$EmbeddedTomcat': no URL paths identified
2019-09-22 20:49:48 [main] DEBUG org.springframework.web.servlet.handler.BeanNameUrlHandlerMapping- Rejected bean name 'tomcatEmbeddedServletContainerFactory': no URL paths identified
2019-09-22 20:49:48 [main] DEBUG org.springframework.web.servlet.handler.BeanNameUrlHandlerMapping- Rejected bean name 'org.springframework.boot.autoconfigure.web.EmbeddedServletContainerAutoConfiguration': no URL paths identified
2019-09-22 20:49:48 [main] DEBUG org.springframework.web.servlet.handler.BeanNameUrlHandlerMapping- Rejected bean name 'embeddedServletContainerCustomizerBeanPostProcessor': no URL paths identified
2019-09-22 20:49:48 [main] DEBUG org.springframework.web.servlet.handler.BeanNameUrlHandlerMapping- Rejected bean name 'errorPageRegistrarBeanPostProcessor': no URL paths identified
2019-09-22 20:49:48 [main] DEBUG org.springframework.web.servlet.handler.BeanNameUrlHandlerMapping- Rejected bean name 'org.springframework.boot.autoconfigure.web.DispatcherServletAutoConfiguration$DispatcherServletConfiguration': no URL paths identified
2019-09-22 20:49:48 [main] DEBUG org.springframework.web.servlet.handler.BeanNameUrlHandlerMapping- Rejected bean name 'dispatcherServlet': no URL paths identified
2019-09-22 20:49:48 [main] DEBUG org.springframework.web.servlet.handler.BeanNameUrlHandlerMapping- Rejected bean name 'spring.mvc-org.springframework.boot.autoconfigure.web.WebMvcProperties': no URL paths identified
2019-09-22 20:49:48 [main] DEBUG org.springframework.web.servlet.handler.BeanNameUrlHandlerMapping- Rejected bean name 'org.springframework.boot.autoconfigure.web.DispatcherServletAutoConfiguration$DispatcherServletRegistrationConfiguration': no URL paths identified
2019-09-22 20:49:48 [main] DEBUG org.springframework.web.servlet.handler.BeanNameUrlHandlerMapping- Rejected bean name 'dispatcherServletRegistration': no URL paths identified
2019-09-22 20:49:48 [main] DEBUG org.springframework.web.servlet.handler.BeanNameUrlHandlerMapping- Rejected bean name 'org.springframework.boot.autoconfigure.web.DispatcherServletAutoConfiguration': no URL paths identified
2019-09-22 20:49:48 [main] DEBUG org.springframework.web.servlet.handler.BeanNameUrlHandlerMapping- Rejected bean name 'org.springframework.boot.autoconfigure.validation.ValidationAutoConfiguration': no URL paths identified
2019-09-22 20:49:48 [main] DEBUG org.springframework.web.servlet.handler.BeanNameUrlHandlerMapping- Rejected bean name 'defaultValidator': no URL paths identified
2019-09-22 20:49:48 [main] DEBUG org.springframework.web.servlet.handler.BeanNameUrlHandlerMapping- Rejected bean name 'methodValidationPostProcessor': no URL paths identified
2019-09-22 20:49:48 [main] DEBUG org.springframework.web.servlet.handler.BeanNameUrlHandlerMapping- Rejected bean name 'org.springframework.boot.autoconfigure.web.ErrorMvcAutoConfiguration$WhitelabelErrorViewConfiguration': no URL paths identified
2019-09-22 20:49:48 [main] DEBUG org.springframework.web.servlet.handler.BeanNameUrlHandlerMapping- Rejected bean name 'error': no URL paths identified
2019-09-22 20:49:48 [main] DEBUG org.springframework.web.servlet.handler.BeanNameUrlHandlerMapping- Rejected bean name 'beanNameViewResolver': no URL paths identified
2019-09-22 20:49:48 [main] DEBUG org.springframework.web.servlet.handler.BeanNameUrlHandlerMapping- Rejected bean name 'org.springframework.boot.autoconfigure.web.ErrorMvcAutoConfiguration$DefaultErrorViewResolverConfiguration': no URL paths identified
2019-09-22 20:49:48 [main] DEBUG org.springframework.web.servlet.handler.BeanNameUrlHandlerMapping- Rejected bean name 'conventionErrorViewResolver': no URL paths identified
2019-09-22 20:49:48 [main] DEBUG org.springframework.web.servlet.handler.BeanNameUrlHandlerMapping- Rejected bean name 'org.springframework.boot.autoconfigure.web.ErrorMvcAutoConfiguration': no URL paths identified
2019-09-22 20:49:48 [main] DEBUG org.springframework.web.servlet.handler.BeanNameUrlHandlerMapping- Rejected bean name 'errorAttributes': no URL paths identified
2019-09-22 20:49:48 [main] DEBUG org.springframework.web.servlet.handler.BeanNameUrlHandlerMapping- Rejected bean name 'basicErrorController': no URL paths identified
2019-09-22 20:49:48 [main] DEBUG org.springframework.web.servlet.handler.BeanNameUrlHandlerMapping- Rejected bean name 'errorPageCustomizer': no URL paths identified
2019-09-22 20:49:48 [main] DEBUG org.springframework.web.servlet.handler.BeanNameUrlHandlerMapping- Rejected bean name 'preserveErrorControllerTargetClassPostProcessor': no URL paths identified
2019-09-22 20:49:48 [main] DEBUG org.springframework.web.servlet.handler.BeanNameUrlHandlerMapping- Rejected bean name 'spring.resources-org.springframework.boot.autoconfigure.web.ResourceProperties': no URL paths identified
2019-09-22 20:49:48 [main] DEBUG org.springframework.web.servlet.handler.BeanNameUrlHandlerMapping- Rejected bean name 'org.springframework.boot.autoconfigure.web.WebMvcAutoConfiguration$EnableWebMvcConfiguration': no URL paths identified
2019-09-22 20:49:48 [main] DEBUG org.springframework.web.servlet.handler.BeanNameUrlHandlerMapping- Rejected bean name 'requestMappingHandlerAdapter': no URL paths identified
2019-09-22 20:49:48 [main] DEBUG org.springframework.web.servlet.handler.BeanNameUrlHandlerMapping- Rejected bean name 'requestMappingHandlerMapping': no URL paths identified
2019-09-22 20:49:48 [main] DEBUG org.springframework.web.servlet.handler.BeanNameUrlHandlerMapping- Rejected bean name 'mvcValidator': no URL paths identified
2019-09-22 20:49:48 [main] DEBUG org.springframework.web.servlet.handler.BeanNameUrlHandlerMapping- Rejected bean name 'mvcContentNegotiationManager': no URL paths identified
2019-09-22 20:49:48 [main] DEBUG org.springframework.web.servlet.handler.BeanNameUrlHandlerMapping- Rejected bean name 'mvcPathMatcher': no URL paths identified
2019-09-22 20:49:48 [main] DEBUG org.springframework.web.servlet.handler.BeanNameUrlHandlerMapping- Rejected bean name 'mvcUrlPathHelper': no URL paths identified
2019-09-22 20:49:48 [main] DEBUG org.springframework.web.servlet.handler.BeanNameUrlHandlerMapping- Rejected bean name 'viewControllerHandlerMapping': no URL paths identified
2019-09-22 20:49:48 [main] DEBUG org.springframework.web.servlet.handler.BeanNameUrlHandlerMapping- Rejected bean name 'beanNameHandlerMapping': no URL paths identified
2019-09-22 20:49:48 [main] DEBUG org.springframework.web.servlet.handler.BeanNameUrlHandlerMapping- Rejected bean name 'resourceHandlerMapping': no URL paths identified
2019-09-22 20:49:48 [main] DEBUG org.springframework.web.servlet.handler.BeanNameUrlHandlerMapping- Rejected bean name 'mvcResourceUrlProvider': no URL paths identified
2019-09-22 20:49:48 [main] DEBUG org.springframework.web.servlet.handler.BeanNameUrlHandlerMapping- Rejected bean name 'defaultServletHandlerMapping': no URL paths identified
2019-09-22 20:49:48 [main] DEBUG org.springframework.web.servlet.handler.BeanNameUrlHandlerMapping- Rejected bean name 'mvcConversionService': no URL paths identified
2019-09-22 20:49:48 [main] DEBUG org.springframework.web.servlet.handler.BeanNameUrlHandlerMapping- Rejected bean name 'mvcUriComponentsContributor': no URL paths identified
2019-09-22 20:49:48 [main] DEBUG org.springframework.web.servlet.handler.BeanNameUrlHandlerMapping- Rejected bean name 'httpRequestHandlerAdapter': no URL paths identified
2019-09-22 20:49:48 [main] DEBUG org.springframework.web.servlet.handler.BeanNameUrlHandlerMapping- Rejected bean name 'simpleControllerHandlerAdapter': no URL paths identified
2019-09-22 20:49:48 [main] DEBUG org.springframework.web.servlet.handler.BeanNameUrlHandlerMapping- Rejected bean name 'handlerExceptionResolver': no URL paths identified
2019-09-22 20:49:48 [main] DEBUG org.springframework.web.servlet.handler.BeanNameUrlHandlerMapping- Rejected bean name 'mvcViewResolver': no URL paths identified
2019-09-22 20:49:48 [main] DEBUG org.springframework.web.servlet.handler.BeanNameUrlHandlerMapping- Rejected bean name 'mvcHandlerMappingIntrospector': no URL paths identified
2019-09-22 20:49:48 [main] DEBUG org.springframework.web.servlet.handler.BeanNameUrlHandlerMapping- Rejected bean name 'org.springframework.boot.autoconfigure.web.WebMvcAutoConfiguration$WebMvcAutoConfigurationAdapter$FaviconConfiguration': no URL paths identified
2019-09-22 20:49:48 [main] DEBUG org.springframework.web.servlet.handler.BeanNameUrlHandlerMapping- Rejected bean name 'faviconHandlerMapping': no URL paths identified
2019-09-22 20:49:48 [main] DEBUG org.springframework.web.servlet.handler.BeanNameUrlHandlerMapping- Rejected bean name 'faviconRequestHandler': no URL paths identified
2019-09-22 20:49:48 [main] DEBUG org.springframework.web.servlet.handler.BeanNameUrlHandlerMapping- Rejected bean name 'org.springframework.boot.autoconfigure.web.WebMvcAutoConfiguration$WebMvcAutoConfigurationAdapter': no URL paths identified
2019-09-22 20:49:48 [main] DEBUG org.springframework.web.servlet.handler.BeanNameUrlHandlerMapping- Rejected bean name 'defaultViewResolver': no URL paths identified
2019-09-22 20:49:48 [main] DEBUG org.springframework.web.servlet.handler.BeanNameUrlHandlerMapping- Rejected bean name 'viewResolver': no URL paths identified
2019-09-22 20:49:48 [main] DEBUG org.springframework.web.servlet.handler.BeanNameUrlHandlerMapping- Rejected bean name 'welcomePageHandlerMapping': no URL paths identified
2019-09-22 20:49:48 [main] DEBUG org.springframework.web.servlet.handler.BeanNameUrlHandlerMapping- Rejected bean name 'requestContextFilter': no URL paths identified
2019-09-22 20:49:48 [main] DEBUG org.springframework.web.servlet.handler.BeanNameUrlHandlerMapping- Rejected bean name 'org.springframework.boot.autoconfigure.web.WebMvcAutoConfiguration': no URL paths identified
2019-09-22 20:49:48 [main] DEBUG org.springframework.web.servlet.handler.BeanNameUrlHandlerMapping- Rejected bean name 'hiddenHttpMethodFilter': no URL paths identified
2019-09-22 20:49:48 [main] DEBUG org.springframework.web.servlet.handler.BeanNameUrlHandlerMapping- Rejected bean name 'httpPutFormContentFilter': no URL paths identified
2019-09-22 20:49:48 [main] DEBUG org.springframework.web.servlet.handler.BeanNameUrlHandlerMapping- Rejected bean name 'org.springframework.boot.autoconfigure.jdbc.DataSourceConfiguration$Tomcat': no URL paths identified
2019-09-22 20:49:48 [main] DEBUG org.springframework.web.servlet.handler.BeanNameUrlHandlerMapping- Rejected bean name 'dataSource': no URL paths identified
2019-09-22 20:49:48 [main] DEBUG org.springframework.web.servlet.handler.BeanNameUrlHandlerMapping- Rejected bean name 'org.springframework.boot.autoconfigure.jdbc.DataSourceAutoConfiguration$PooledDataSourceConfiguration': no URL paths identified
2019-09-22 20:49:48 [main] DEBUG org.springframework.web.servlet.handler.BeanNameUrlHandlerMapping- Rejected bean name 'org.springframework.boot.autoconfigure.jdbc.metadata.DataSourcePoolMetadataProvidersConfiguration$TomcatDataSourcePoolMetadataProviderConfiguration': no URL paths identified
2019-09-22 20:49:48 [main] DEBUG org.springframework.web.servlet.handler.BeanNameUrlHandlerMapping- Rejected bean name 'tomcatPoolDataSourceMetadataProvider': no URL paths identified
2019-09-22 20:49:48 [main] DEBUG org.springframework.web.servlet.handler.BeanNameUrlHandlerMapping- Rejected bean name 'org.springframework.boot.autoconfigure.jdbc.metadata.DataSourcePoolMetadataProvidersConfiguration': no URL paths identified
2019-09-22 20:49:48 [main] DEBUG org.springframework.web.servlet.handler.BeanNameUrlHandlerMapping- Rejected bean name 'org.springframework.boot.autoconfigure.jdbc.DataSourceAutoConfiguration': no URL paths identified
2019-09-22 20:49:48 [main] DEBUG org.springframework.web.servlet.handler.BeanNameUrlHandlerMapping- Rejected bean name 'dataSourceInitializer': no URL paths identified
2019-09-22 20:49:48 [main] DEBUG org.springframework.web.servlet.handler.BeanNameUrlHandlerMapping- Rejected bean name 'spring.datasource-org.springframework.boot.autoconfigure.jdbc.DataSourceProperties': no URL paths identified
2019-09-22 20:49:48 [main] DEBUG org.springframework.web.servlet.handler.BeanNameUrlHandlerMapping- Rejected bean name 'dataSourceInitializerPostProcessor': no URL paths identified
2019-09-22 20:49:48 [main] DEBUG org.springframework.web.servlet.handler.BeanNameUrlHandlerMapping- Rejected bean name 'org.mybatis.spring.boot.autoconfigure.MybatisAutoConfiguration$MapperScannerRegistrarNotFoundConfiguration': no URL paths identified
2019-09-22 20:49:48 [main] DEBUG org.springframework.web.servlet.handler.BeanNameUrlHandlerMapping- Rejected bean name 'studentByAnnotationMapper': no URL paths identified
2019-09-22 20:49:48 [main] DEBUG org.springframework.web.servlet.handler.BeanNameUrlHandlerMapping- Rejected bean name 'studentMapper': no URL paths identified
2019-09-22 20:49:48 [main] DEBUG org.springframework.web.servlet.handler.BeanNameUrlHandlerMapping- Rejected bean name 'org.mybatis.spring.boot.autoconfigure.MybatisAutoConfiguration': no URL paths identified
2019-09-22 20:49:48 [main] DEBUG org.springframework.web.servlet.handler.BeanNameUrlHandlerMapping- Rejected bean name 'sqlSessionFactory': no URL paths identified
2019-09-22 20:49:48 [main] DEBUG org.springframework.web.servlet.handler.BeanNameUrlHandlerMapping- Rejected bean name 'sqlSessionTemplate': no URL paths identified
2019-09-22 20:49:48 [main] DEBUG org.springframework.web.servlet.handler.BeanNameUrlHandlerMapping- Rejected bean name 'mybatis-org.mybatis.spring.boot.autoconfigure.MybatisProperties': no URL paths identified
2019-09-22 20:49:48 [main] DEBUG org.springframework.web.servlet.handler.BeanNameUrlHandlerMapping- Rejected bean name 'org.springframework.boot.autoconfigure.jmx.JmxAutoConfiguration': no URL paths identified
2019-09-22 20:49:48 [main] DEBUG org.springframework.web.servlet.handler.BeanNameUrlHandlerMapping- Rejected bean name 'mbeanExporter': no URL paths identified
2019-09-22 20:49:48 [main] DEBUG org.springframework.web.servlet.handler.BeanNameUrlHandlerMapping- Rejected bean name 'objectNamingStrategy': no URL paths identified
2019-09-22 20:49:48 [main] DEBUG org.springframework.web.servlet.handler.BeanNameUrlHandlerMapping- Rejected bean name 'mbeanServer': no URL paths identified
2019-09-22 20:49:48 [main] DEBUG org.springframework.web.servlet.handler.BeanNameUrlHandlerMapping- Rejected bean name 'org.springframework.boot.autoconfigure.admin.SpringApplicationAdminJmxAutoConfiguration': no URL paths identified
2019-09-22 20:49:48 [main] DEBUG org.springframework.web.servlet.handler.BeanNameUrlHandlerMapping- Rejected bean name 'springApplicationAdminRegistrar': no URL paths identified
2019-09-22 20:49:48 [main] DEBUG org.springframework.web.servlet.handler.BeanNameUrlHandlerMapping- Rejected bean name 'org.springframework.boot.autoconfigure.context.ConfigurationPropertiesAutoConfiguration': no URL paths identified
2019-09-22 20:49:48 [main] DEBUG org.springframework.web.servlet.handler.BeanNameUrlHandlerMapping- Rejected bean name 'org.springframework.boot.autoconfigure.dao.PersistenceExceptionTranslationAutoConfiguration': no URL paths identified
2019-09-22 20:49:48 [main] DEBUG org.springframework.web.servlet.handler.BeanNameUrlHandlerMapping- Rejected bean name 'persistenceExceptionTranslationPostProcessor': no URL paths identified
2019-09-22 20:49:48 [main] DEBUG org.springframework.web.servlet.handler.BeanNameUrlHandlerMapping- Rejected bean name 'org.springframework.boot.autoconfigure.web.HttpMessageConvertersAutoConfiguration$StringHttpMessageConverterConfiguration': no URL paths identified
2019-09-22 20:49:48 [main] DEBUG org.springframework.web.servlet.handler.BeanNameUrlHandlerMapping- Rejected bean name 'stringHttpMessageConverter': no URL paths identified
2019-09-22 20:49:48 [main] DEBUG org.springframework.web.servlet.handler.BeanNameUrlHandlerMapping- Rejected bean name 'spring.http.encoding-org.springframework.boot.autoconfigure.web.HttpEncodingProperties': no URL paths identified
2019-09-22 20:49:48 [main] DEBUG org.springframework.web.servlet.handler.BeanNameUrlHandlerMapping- Rejected bean name 'org.springframework.boot.autoconfigure.web.JacksonHttpMessageConvertersConfiguration$MappingJackson2HttpMessageConverterConfiguration': no URL paths identified
2019-09-22 20:49:48 [main] DEBUG org.springframework.web.servlet.handler.BeanNameUrlHandlerMapping- Rejected bean name 'mappingJackson2HttpMessageConverter': no URL paths identified
2019-09-22 20:49:48 [main] DEBUG org.springframework.web.servlet.handler.BeanNameUrlHandlerMapping- Rejected bean name 'org.springframework.boot.autoconfigure.web.JacksonHttpMessageConvertersConfiguration': no URL paths identified
2019-09-22 20:49:48 [main] DEBUG org.springframework.web.servlet.handler.BeanNameUrlHandlerMapping- Rejected bean name 'org.springframework.boot.autoconfigure.web.HttpMessageConvertersAutoConfiguration': no URL paths identified
2019-09-22 20:49:48 [main] DEBUG org.springframework.web.servlet.handler.BeanNameUrlHandlerMapping- Rejected bean name 'messageConverters': no URL paths identified
2019-09-22 20:49:48 [main] DEBUG org.springframework.web.servlet.handler.BeanNameUrlHandlerMapping- Rejected bean name 'org.springframework.boot.autoconfigure.info.ProjectInfoAutoConfiguration': no URL paths identified
2019-09-22 20:49:48 [main] DEBUG org.springframework.web.servlet.handler.BeanNameUrlHandlerMapping- Rejected bean name 'spring.info-org.springframework.boot.autoconfigure.info.ProjectInfoProperties': no URL paths identified
2019-09-22 20:49:48 [main] DEBUG org.springframework.web.servlet.handler.BeanNameUrlHandlerMapping- Rejected bean name 'org.springframework.boot.autoconfigure.jdbc.DataSourceTransactionManagerAutoConfiguration$DataSourceTransactionManagerConfiguration': no URL paths identified
2019-09-22 20:49:48 [main] DEBUG org.springframework.web.servlet.handler.BeanNameUrlHandlerMapping- Rejected bean name 'transactionManager': no URL paths identified
2019-09-22 20:49:48 [main] DEBUG org.springframework.web.servlet.handler.BeanNameUrlHandlerMapping- Rejected bean name 'org.springframework.boot.autoconfigure.jdbc.DataSourceTransactionManagerAutoConfiguration': no URL paths identified
2019-09-22 20:49:48 [main] DEBUG org.springframework.web.servlet.handler.BeanNameUrlHandlerMapping- Rejected bean name 'org.springframework.boot.autoconfigure.jdbc.JdbcTemplateAutoConfiguration': no URL paths identified
2019-09-22 20:49:48 [main] DEBUG org.springframework.web.servlet.handler.BeanNameUrlHandlerMapping- Rejected bean name 'jdbcTemplate': no URL paths identified
2019-09-22 20:49:48 [main] DEBUG org.springframework.web.servlet.handler.BeanNameUrlHandlerMapping- Rejected bean name 'namedParameterJdbcTemplate': no URL paths identified
2019-09-22 20:49:48 [main] DEBUG org.springframework.web.servlet.handler.BeanNameUrlHandlerMapping- Rejected bean name 'org.springframework.boot.autoconfigure.thymeleaf.ThymeleafAutoConfiguration$ThymeleafResourceHandlingConfig': no URL paths identified
2019-09-22 20:49:48 [main] DEBUG org.springframework.web.servlet.handler.BeanNameUrlHandlerMapping- Rejected bean name 'org.springframework.boot.autoconfigure.thymeleaf.ThymeleafAutoConfiguration$ThymeleafWebLayoutConfiguration': no URL paths identified
2019-09-22 20:49:48 [main] DEBUG org.springframework.web.servlet.handler.BeanNameUrlHandlerMapping- Rejected bean name 'layoutDialect': no URL paths identified
2019-09-22 20:49:48 [main] DEBUG org.springframework.web.servlet.handler.BeanNameUrlHandlerMapping- Rejected bean name 'org.springframework.boot.autoconfigure.thymeleaf.ThymeleafAutoConfiguration$ThymeleafDefaultConfiguration': no URL paths identified
2019-09-22 20:49:48 [main] DEBUG org.springframework.web.servlet.handler.BeanNameUrlHandlerMapping- Rejected bean name 'templateEngine': no URL paths identified
2019-09-22 20:49:48 [main] DEBUG org.springframework.web.servlet.handler.BeanNameUrlHandlerMapping- Rejected bean name 'org.springframework.boot.autoconfigure.thymeleaf.ThymeleafAutoConfiguration$Thymeleaf2Configuration$Thymeleaf2ViewResolverConfiguration': no URL paths identified
2019-09-22 20:49:48 [main] DEBUG org.springframework.web.servlet.handler.BeanNameUrlHandlerMapping- Rejected bean name 'thymeleafViewResolver': no URL paths identified
2019-09-22 20:49:48 [main] DEBUG org.springframework.web.servlet.handler.BeanNameUrlHandlerMapping- Rejected bean name 'org.springframework.boot.autoconfigure.thymeleaf.ThymeleafAutoConfiguration$Thymeleaf2Configuration$DefaultTemplateResolverConfiguration': no URL paths identified
2019-09-22 20:49:48 [main] DEBUG org.springframework.web.servlet.handler.BeanNameUrlHandlerMapping- Rejected bean name 'thymeleafResourceResolver': no URL paths identified
2019-09-22 20:49:48 [main] DEBUG org.springframework.web.servlet.handler.BeanNameUrlHandlerMapping- Rejected bean name 'defaultTemplateResolver': no URL paths identified
2019-09-22 20:49:48 [main] DEBUG org.springframework.web.servlet.handler.BeanNameUrlHandlerMapping- Rejected bean name 'org.springframework.boot.autoconfigure.thymeleaf.ThymeleafAutoConfiguration$Thymeleaf2Configuration': no URL paths identified
2019-09-22 20:49:48 [main] DEBUG org.springframework.web.servlet.handler.BeanNameUrlHandlerMapping- Rejected bean name 'org.springframework.boot.autoconfigure.thymeleaf.ThymeleafAutoConfiguration': no URL paths identified
2019-09-22 20:49:48 [main] DEBUG org.springframework.web.servlet.handler.BeanNameUrlHandlerMapping- Rejected bean name 'spring.thymeleaf-org.springframework.boot.autoconfigure.thymeleaf.ThymeleafProperties': no URL paths identified
2019-09-22 20:49:48 [main] DEBUG org.springframework.web.servlet.handler.BeanNameUrlHandlerMapping- Rejected bean name 'org.springframework.transaction.annotation.ProxyTransactionManagementConfiguration': no URL paths identified
2019-09-22 20:49:48 [main] DEBUG org.springframework.web.servlet.handler.BeanNameUrlHandlerMapping- Rejected bean name 'org.springframework.transaction.config.internalTransactionAdvisor': no URL paths identified
2019-09-22 20:49:48 [main] DEBUG org.springframework.web.servlet.handler.BeanNameUrlHandlerMapping- Rejected bean name 'transactionAttributeSource': no URL paths identified
2019-09-22 20:49:48 [main] DEBUG org.springframework.web.servlet.handler.BeanNameUrlHandlerMapping- Rejected bean name 'transactionInterceptor': no URL paths identified
2019-09-22 20:49:48 [main] DEBUG org.springframework.web.servlet.handler.BeanNameUrlHandlerMapping- Rejected bean name 'org.springframework.transaction.config.internalTransactionalEventListenerFactory': no URL paths identified
2019-09-22 20:49:48 [main] DEBUG org.springframework.web.servlet.handler.BeanNameUrlHandlerMapping- Rejected bean name 'org.springframework.boot.autoconfigure.transaction.TransactionAutoConfiguration$EnableTransactionManagementConfiguration$CglibAutoProxyConfiguration': no URL paths identified
2019-09-22 20:49:48 [main] DEBUG org.springframework.web.servlet.handler.BeanNameUrlHandlerMapping- Rejected bean name 'org.springframework.aop.config.internalAutoProxyCreator': no URL paths identified
2019-09-22 20:49:48 [main] DEBUG org.springframework.web.servlet.handler.BeanNameUrlHandlerMapping- Rejected bean name 'org.springframework.boot.autoconfigure.transaction.TransactionAutoConfiguration$EnableTransactionManagementConfiguration': no URL paths identified
2019-09-22 20:49:48 [main] DEBUG org.springframework.web.servlet.handler.BeanNameUrlHandlerMapping- Rejected bean name 'org.springframework.boot.autoconfigure.transaction.TransactionAutoConfiguration$TransactionTemplateConfiguration': no URL paths identified
2019-09-22 20:49:48 [main] DEBUG org.springframework.web.servlet.handler.BeanNameUrlHandlerMapping- Rejected bean name 'transactionTemplate': no URL paths identified
2019-09-22 20:49:48 [main] DEBUG org.springframework.web.servlet.handler.BeanNameUrlHandlerMapping- Rejected bean name 'org.springframework.boot.autoconfigure.transaction.TransactionAutoConfiguration': no URL paths identified
2019-09-22 20:49:48 [main] DEBUG org.springframework.web.servlet.handler.BeanNameUrlHandlerMapping- Rejected bean name 'platformTransactionManagerCustomizers': no URL paths identified
2019-09-22 20:49:48 [main] DEBUG org.springframework.web.servlet.handler.BeanNameUrlHandlerMapping- Rejected bean name 'spring.transaction-org.springframework.boot.autoconfigure.transaction.TransactionProperties': no URL paths identified
2019-09-22 20:49:48 [main] DEBUG org.springframework.web.servlet.handler.BeanNameUrlHandlerMapping- Rejected bean name 'org.springframework.boot.autoconfigure.web.HttpEncodingAutoConfiguration': no URL paths identified
2019-09-22 20:49:48 [main] DEBUG org.springframework.web.servlet.handler.BeanNameUrlHandlerMapping- Rejected bean name 'characterEncodingFilter': no URL paths identified
2019-09-22 20:49:48 [main] DEBUG org.springframework.web.servlet.handler.BeanNameUrlHandlerMapping- Rejected bean name 'localeCharsetMappingsCustomizer': no URL paths identified
2019-09-22 20:49:48 [main] DEBUG org.springframework.web.servlet.handler.BeanNameUrlHandlerMapping- Rejected bean name 'org.springframework.boot.autoconfigure.web.MultipartAutoConfiguration': no URL paths identified
2019-09-22 20:49:48 [main] DEBUG org.springframework.web.servlet.handler.BeanNameUrlHandlerMapping- Rejected bean name 'multipartConfigElement': no URL paths identified
2019-09-22 20:49:48 [main] DEBUG org.springframework.web.servlet.handler.BeanNameUrlHandlerMapping- Rejected bean name 'multipartResolver': no URL paths identified
2019-09-22 20:49:48 [main] DEBUG org.springframework.web.servlet.handler.BeanNameUrlHandlerMapping- Rejected bean name 'spring.http.multipart-org.springframework.boot.autoconfigure.web.MultipartProperties': no URL paths identified
2019-09-22 20:49:48 [main] DEBUG org.springframework.web.servlet.handler.BeanNameUrlHandlerMapping- Rejected bean name 'org.springframework.boot.autoconfigure.web.ServerPropertiesAutoConfiguration': no URL paths identified
2019-09-22 20:49:48 [main] DEBUG org.springframework.web.servlet.handler.BeanNameUrlHandlerMapping- Rejected bean name 'serverProperties': no URL paths identified
2019-09-22 20:49:48 [main] DEBUG org.springframework.web.servlet.handler.BeanNameUrlHandlerMapping- Rejected bean name 'duplicateServerPropertiesDetector': no URL paths identified
2019-09-22 20:49:48 [main] DEBUG org.springframework.web.servlet.handler.BeanNameUrlHandlerMapping- Rejected bean name 'org.springframework.boot.autoconfigure.web.WebClientAutoConfiguration$RestTemplateConfiguration': no URL paths identified
2019-09-22 20:49:48 [main] DEBUG org.springframework.web.servlet.handler.BeanNameUrlHandlerMapping- Rejected bean name 'restTemplateBuilder': no URL paths identified
2019-09-22 20:49:48 [main] DEBUG org.springframework.web.servlet.handler.BeanNameUrlHandlerMapping- Rejected bean name 'org.springframework.boot.autoconfigure.web.WebClientAutoConfiguration': no URL paths identified
2019-09-22 20:49:48 [main] DEBUG org.springframework.web.servlet.handler.BeanNameUrlHandlerMapping- Rejected bean name 'autoConfigurationReport': no URL paths identified
2019-09-22 20:49:48 [main] DEBUG org.springframework.web.servlet.handler.BeanNameUrlHandlerMapping- Rejected bean name 'springApplicationArguments': no URL paths identified
2019-09-22 20:49:48 [main] DEBUG org.springframework.web.servlet.handler.BeanNameUrlHandlerMapping- Rejected bean name 'springBootBanner': no URL paths identified
2019-09-22 20:49:48 [main] DEBUG org.springframework.web.servlet.handler.BeanNameUrlHandlerMapping- Rejected bean name 'springBootLoggingSystem': no URL paths identified
2019-09-22 20:49:48 [main] DEBUG org.springframework.web.servlet.handler.BeanNameUrlHandlerMapping- Rejected bean name 'environment': no URL paths identified
2019-09-22 20:49:48 [main] DEBUG org.springframework.web.servlet.handler.BeanNameUrlHandlerMapping- Rejected bean name 'systemProperties': no URL paths identified
2019-09-22 20:49:48 [main] DEBUG org.springframework.web.servlet.handler.BeanNameUrlHandlerMapping- Rejected bean name 'systemEnvironment': no URL paths identified
2019-09-22 20:49:48 [main] DEBUG org.springframework.web.servlet.handler.BeanNameUrlHandlerMapping- Rejected bean name 'org.springframework.context.annotation.ConfigurationClassPostProcessor.importRegistry': no URL paths identified
2019-09-22 20:49:48 [main] DEBUG org.springframework.web.servlet.handler.BeanNameUrlHandlerMapping- Rejected bean name 'messageSource': no URL paths identified
2019-09-22 20:49:48 [main] DEBUG org.springframework.web.servlet.handler.BeanNameUrlHandlerMapping- Rejected bean name 'applicationEventMulticaster': no URL paths identified
2019-09-22 20:49:48 [main] DEBUG org.springframework.web.servlet.handler.BeanNameUrlHandlerMapping- Rejected bean name 'servletContext': no URL paths identified
2019-09-22 20:49:48 [main] DEBUG org.springframework.web.servlet.handler.BeanNameUrlHandlerMapping- Rejected bean name 'contextParameters': no URL paths identified
2019-09-22 20:49:48 [main] DEBUG org.springframework.web.servlet.handler.BeanNameUrlHandlerMapping- Rejected bean name 'contextAttributes': no URL paths identified
2019-09-22 20:49:48 [main] INFO  org.springframework.web.servlet.handler.SimpleUrlHandlerMapping- Mapped URL path [/webjars/**] onto handler of type [class org.springframework.web.servlet.resource.ResourceHttpRequestHandler]
2019-09-22 20:49:48 [main] INFO  org.springframework.web.servlet.handler.SimpleUrlHandlerMapping- Mapped URL path [/**] onto handler of type [class org.springframework.web.servlet.resource.ResourceHttpRequestHandler]
2019-09-22 20:49:48 [main] DEBUG org.springframework.web.servlet.mvc.method.annotation.ExceptionHandlerExceptionResolver- Looking for exception mappings: org.springframework.boot.context.embedded.AnnotationConfigEmbeddedWebApplicationContext@4de5031f: startup date [Sun Sep 22 20:49:45 CST 2019]; root of context hierarchy
2019-09-22 20:49:48 [main] INFO  org.springframework.web.servlet.handler.SimpleUrlHandlerMapping- Mapped URL path [/**/favicon.ico] onto handler of type [class org.springframework.web.servlet.resource.ResourceHttpRequestHandler]
2019-09-22 20:49:49 [main] INFO  org.springframework.jmx.export.annotation.AnnotationMBeanExporter- Registering beans for JMX exposure on startup
2019-09-22 20:49:49 [main] DEBUG org.springframework.web.servlet.resource.ResourceUrlProvider- Looking for resource handler mappings
2019-09-22 20:49:49 [main] DEBUG org.springframework.web.servlet.resource.ResourceUrlProvider- Found resource handler mapping: URL pattern="/**/favicon.ico", locations=[ServletContext resource [/], class path resource [META-INF/resources/], class path resource [resources/], class path resource [static/], class path resource [public/], class path resource []], resolvers=[org.springframework.web.servlet.resource.PathResourceResolver@5e65afb6]
2019-09-22 20:49:49 [main] DEBUG org.springframework.web.servlet.resource.ResourceUrlProvider- Found resource handler mapping: URL pattern="/webjars/**", locations=[class path resource [META-INF/resources/webjars/]], resolvers=[org.springframework.web.servlet.resource.PathResourceResolver@5b3a7ef5]
2019-09-22 20:49:49 [main] DEBUG org.springframework.web.servlet.resource.ResourceUrlProvider- Found resource handler mapping: URL pattern="/**", locations=[ServletContext resource [/], class path resource [META-INF/resources/], class path resource [resources/], class path resource [static/], class path resource [public/]], resolvers=[org.springframework.web.servlet.resource.PathResourceResolver@8851ce1]
2019-09-22 20:49:49 [main] INFO  org.springframework.boot.context.embedded.tomcat.TomcatEmbeddedServletContainer- Tomcat started on port(s): 8888 (http)
2019-09-22 20:49:49 [main] DEBUG org.springframework.web.context.support.StandardServletEnvironment- Adding PropertySource 'server.ports' with highest search precedence
2019-09-22 20:49:49 [main] INFO  com.iotknowyou.App- Started App in 5.053 seconds (JVM running for 6.452)
